<?xml version="1.0" encoding="UTF-8"?>
<!-- Generated by org.testng.reporters.JUnitReportReporter -->
<testsuite hostname="MAVRLT414" failures="0" tests="1" name="com.spectrum.appium.com.spectrum.appium.App" time="0.025" errors="0" timestamp="05 Aug 2019 10:40:15 GMT" skipped="0">
  <testcase classname="com.spectrum.appium.com.spectrum.appium.App" name="Device_1" time="0.025"/>
</testsuite> <!-- com.spectrum.appium.com.spectrum.appium.App -->
