<?xml version="1.0" encoding="UTF-8"?>
<!-- Generated by org.testng.reporters.JUnitReportReporter -->
<testsuite hostname="MAVRLT414" failures="0" tests="1" name="com.spectrum.appium.com.spectrum.appium.App" time="1.766" errors="0" timestamp="10 Jul 2019 08:16:18 GMT" skipped="0">
  <testcase classname="com.spectrum.appium.com.spectrum.appium.App" name="Device_1" time="1.766"/>
</testsuite> <!-- com.spectrum.appium.com.spectrum.appium.App -->
