<?xml version="1.0" encoding="UTF-8"?>
<!-- Generated by org.testng.reporters.JUnitReportReporter -->
<testsuite skipped="0" hostname="MAVRLT414" name="com.spectrum.appium.com.spectrum.appium.App" tests="1" failures="0" timestamp="10 Jun 2019 15:07:25 GMT" time="7.782" errors="0">
  <testcase name="Device_1" time="7.782" classname="com.spectrum.appium.com.spectrum.appium.App"/>
</testsuite> <!-- com.spectrum.appium.com.spectrum.appium.App -->
