<?xml version="1.0" encoding="UTF-8"?>
<!-- Generated by org.testng.reporters.JUnitReportReporter -->
<testsuite skipped="0" hostname="BRTL028" name="com.spectrum.appium.com.spectrum.appium.App" tests="1" failures="0" timestamp="04 Jul 2019 12:29:02 GMT" time="15.449" errors="0">
  <testcase name="Device_1" time="15.449" classname="com.spectrum.appium.com.spectrum.appium.App"/>
</testsuite> <!-- com.spectrum.appium.com.spectrum.appium.App -->
