<?xml version="1.0" encoding="UTF-8"?>
<!-- Generated by org.testng.reporters.JUnitReportReporter -->
<testsuite hostname="MAVRLT414" failures="0" tests="1" name="com.spectrum.appium.com.spectrum.appium.App" time="0.031" errors="0" timestamp="21 Aug 2019 08:05:27 GMT" skipped="0">
  <testcase classname="com.spectrum.appium.com.spectrum.appium.App" name="Device_1" time="0.031"/>
</testsuite> <!-- com.spectrum.appium.com.spectrum.appium.App -->
