<?xml version="1.0" encoding="UTF-8"?>
<!-- Generated by org.testng.reporters.JUnitReportReporter -->
<testsuite skipped="0" hostname="MAVRLT414" name="com.spectrum.appium.com.spectrum.appium.App" tests="1" failures="0" timestamp="24 Jun 2019 11:18:57 GMT" time="2.736" errors="0">
  <testcase name="Device_1" time="2.736" classname="com.spectrum.appium.com.spectrum.appium.App"/>
</testsuite> <!-- com.spectrum.appium.com.spectrum.appium.App -->
