<?xml version="1.0" encoding="UTF-8"?>
<!-- Generated by org.testng.reporters.JUnitReportReporter -->
<testsuite skipped="0" hostname="BRTL028" name="com.spectrum.appium.com.spectrum.appium.App" tests="1" failures="0" timestamp="23 Jul 2019 12:37:26 GMT" time="16.764" errors="0">
  <testcase name="Device_1" time="16.764" classname="com.spectrum.appium.com.spectrum.appium.App"/>
</testsuite> <!-- com.spectrum.appium.com.spectrum.appium.App -->
