<?xml version="1.0" encoding="UTF-8"?>
<!-- Generated by org.testng.reporters.JUnitReportReporter -->
<testsuite skipped="0" hostname="BRTL028" name="com.spectrum.appium.com.spectrum.appium.App" tests="2" failures="0" timestamp="22 Apr 2019 11:58:22 GMT" time="104.593" errors="0">
  <testcase name="Device_1" time="76.774" classname="com.spectrum.appium.com.spectrum.appium.App"/>
  <testcase name="Device_2" time="27.819" classname="com.spectrum.appium.com.spectrum.appium.App"/>
</testsuite> <!-- com.spectrum.appium.com.spectrum.appium.App -->
