<?xml version="1.0" encoding="UTF-8"?>
<!-- Generated by org.testng.reporters.JUnitReportReporter -->
<testsuite skipped="0" hostname="MAVRLT414" name="com.spectrum.appium.com.spectrum.appium.App" tests="1" failures="0" timestamp="10 Jun 2019 12:42:18 GMT" time="3.203" errors="0">
  <testcase name="Device_1" time="3.203" classname="com.spectrum.appium.com.spectrum.appium.App"/>
</testsuite> <!-- com.spectrum.appium.com.spectrum.appium.App -->
