<?xml version="1.0" encoding="UTF-8"?>
<!-- Generated by org.testng.reporters.JUnitReportReporter -->
<testsuite skipped="0" hostname="BRTL028" name="com.spectrum.appium.com.spectrum.appium.App" tests="1" failures="0" timestamp="06 May 2019 13:46:25 GMT" time="50.717" errors="0">
  <testcase name="Device_1" time="50.717" classname="com.spectrum.appium.com.spectrum.appium.App"/>
</testsuite> <!-- com.spectrum.appium.com.spectrum.appium.App -->
