<?xml version="1.0" encoding="UTF-8"?>
<!-- Generated by org.testng.reporters.JUnitReportReporter -->
<testsuite skipped="0" hostname="BRTL028" name="com.spectrum.appium.com.spectrum.appium.App" tests="1" failures="0" timestamp="23 Jun 2019 14:48:23 GMT" time="390.308" errors="0">
  <testcase name="Device_1" time="390.308" classname="com.spectrum.appium.com.spectrum.appium.App"/>
</testsuite> <!-- com.spectrum.appium.com.spectrum.appium.App -->
