<?xml version="1.0" encoding="UTF-8"?>
<!-- Generated by org.testng.reporters.JUnitReportReporter -->
<testsuite skipped="0" hostname="MAVRLT414" name="com.spectrum.appium.com.spectrum.appium.App" tests="1" failures="0" timestamp="08 Jul 2019 12:37:33 GMT" time="0.018" errors="0">
  <testcase name="Device_1" time="0.018" classname="com.spectrum.appium.com.spectrum.appium.App"/>
</testsuite> <!-- com.spectrum.appium.com.spectrum.appium.App -->
