<?xml version="1.0" encoding="UTF-8"?>
<!-- Generated by org.testng.reporters.JUnitReportReporter -->
<testsuite hostname="BRTL028" failures="0" tests="1" name="com.spectrum.appium.com.spectrum.appium.App" time="51.887" errors="0" timestamp="05 Jun 2019 11:15:14 GMT" skipped="0">
  <testcase classname="com.spectrum.appium.com.spectrum.appium.App" name="Device_1" time="51.887"/>
</testsuite> <!-- com.spectrum.appium.com.spectrum.appium.App -->
