<?xml version="1.0" encoding="UTF-8"?>
<!-- Generated by org.testng.reporters.JUnitReportReporter -->
<testsuite hostname="BRTL028" failures="0" tests="1" name="com.spectrum.appium.com.spectrum.appium.App" time="125.356" errors="0" timestamp="12 May 2019 11:50:08 GMT" skipped="0">
  <testcase classname="com.spectrum.appium.com.spectrum.appium.App" name="Device_1" time="125.356"/>
</testsuite> <!-- com.spectrum.appium.com.spectrum.appium.App -->
